<?xml version="1.0" encoding="UTF-8"?>
<testsuite xmlns:xsi="http://www.w3.org/2001/XMLSchema-instance" xsi:noNamespaceSchemaLocation="https://maven.apache.org/surefire/maven-surefire-plugin/xsd/surefire-test-report-3.0.xsd" version="3.0" name="com.epitech.give4free.security.jwt.TokenProviderTest" time="0.029" tests="5" errors="0" skipped="0" failures="0">
  <properties>
    <property name="awt.toolkit" value="sun.awt.X11.XToolkit"/>
    <property name="java.specification.version" value="11"/>
    <property name="sun.cpu.isalist" value=""/>
    <property name="sun.jnu.encoding" value="UTF-8"/>
    <property name="java.class.path" value="/home/mehdi/Give4Free/target/test-classes:/home/mehdi/Give4Free/target/classes:/home/mehdi/.m2/repository/io/github/jhipster/jhipster-framework/3.8.0/jhipster-framework-3.8.0.jar:/home/mehdi/.m2/repository/org/springframework/spring-context-support/5.2.6.RELEASE/spring-context-support-5.2.6.RELEASE.jar:/home/mehdi/.m2/repository/org/springframework/spring-beans/5.2.6.RELEASE/spring-beans-5.2.6.RELEASE.jar:/home/mehdi/.m2/repository/org/springframework/spring-context/5.2.6.RELEASE/spring-context-5.2.6.RELEASE.jar:/home/mehdi/.m2/repository/org/springframework/boot/spring-boot-autoconfigure/2.2.7.RELEASE/spring-boot-autoconfigure-2.2.7.RELEASE.jar:/home/mehdi/.m2/repository/com/fasterxml/classmate/1.3.3/classmate-1.3.3.jar:/home/mehdi/.m2/repository/javax/annotation/javax.annotation-api/1.3.2/javax.annotation-api-1.3.2.jar:/home/mehdi/.m2/repository/com/fasterxml/jackson/module/jackson-module-jaxb-annotations/2.10.4/jackson-module-jaxb-annotations-2.10.4.jar:/home/mehdi/.m2/repository/com/fasterxml/jackson/core/jackson-annotations/2.10.4/jackson-annotations-2.10.4.jar:/home/mehdi/.m2/repository/com/fasterxml/jackson/core/jackson-core/2.10.4/jackson-core-2.10.4.jar:/home/mehdi/.m2/repository/com/fasterxml/jackson/core/jackson-databind/2.10.4/jackson-databind-2.10.4.jar:/home/mehdi/.m2/repository/jakarta/xml/bind/jakarta.xml.bind-api/2.3.3/jakarta.xml.bind-api-2.3.3.jar:/home/mehdi/.m2/repository/jakarta/activation/jakarta.activation-api/1.2.2/jakarta.activation-api-1.2.2.jar:/home/mehdi/.m2/repository/com/fasterxml/jackson/datatype/jackson-datatype-hibernate5/2.10.4/jackson-datatype-hibernate5-2.10.4.jar:/home/mehdi/.m2/repository/javax/transaction/javax.transaction-api/1.3/javax.transaction-api-1.3.jar:/home/mehdi/.m2/repository/com/fasterxml/jackson/datatype/jackson-datatype-hppc/2.10.4/jackson-datatype-hppc-2.10.4.jar:/home/mehdi/.m2/repository/com/carrotsearch/hppc/0.8.1/hppc-0.8.1.jar:/home/mehdi/.m2/repository/com/fasterxml/jackson/datatype/jackson-datatype-jsr310/2.10.4/jackson-datatype-jsr310-2.10.4.jar:/home/mehdi/.m2/repository/com/h2database/h2/1.4.200/h2-1.4.200.jar:/home/mehdi/.m2/repository/io/springfox/springfox-swagger2/2.9.2/springfox-swagger2-2.9.2.jar:/home/mehdi/.m2/repository/io/swagger/swagger-annotations/1.5.20/swagger-annotations-1.5.20.jar:/home/mehdi/.m2/repository/io/swagger/swagger-models/1.5.20/swagger-models-1.5.20.jar:/home/mehdi/.m2/repository/io/springfox/springfox-spi/2.9.2/springfox-spi-2.9.2.jar:/home/mehdi/.m2/repository/io/springfox/springfox-core/2.9.2/springfox-core-2.9.2.jar:/home/mehdi/.m2/repository/io/springfox/springfox-schema/2.9.2/springfox-schema-2.9.2.jar:/home/mehdi/.m2/repository/io/springfox/springfox-swagger-common/2.9.2/springfox-swagger-common-2.9.2.jar:/home/mehdi/.m2/repository/io/springfox/springfox-spring-web/2.9.2/springfox-spring-web-2.9.2.jar:/home/mehdi/.m2/repository/com/google/guava/guava/29.0-jre/guava-29.0-jre.jar:/home/mehdi/.m2/repository/com/google/guava/failureaccess/1.0.1/failureaccess-1.0.1.jar:/home/mehdi/.m2/repository/com/google/guava/listenablefuture/9999.0-empty-to-avoid-conflict-with-guava/listenablefuture-9999.0-empty-to-avoid-conflict-with-guava.jar:/home/mehdi/.m2/repository/org/checkerframework/checker-qual/2.11.1/checker-qual-2.11.1.jar:/home/mehdi/.m2/repository/com/google/errorprone/error_prone_annotations/2.3.4/error_prone_annotations-2.3.4.jar:/home/mehdi/.m2/repository/com/google/j2objc/j2objc-annotations/1.3/j2objc-annotations-1.3.jar:/home/mehdi/.m2/repository/org/slf4j/slf4j-api/1.7.30/slf4j-api-1.7.30.jar:/home/mehdi/.m2/repository/org/springframework/plugin/spring-plugin-core/1.2.0.RELEASE/spring-plugin-core-1.2.0.RELEASE.jar:/home/mehdi/.m2/repository/org/springframework/plugin/spring-plugin-metadata/1.2.0.RELEASE/spring-plugin-metadata-1.2.0.RELEASE.jar:/home/mehdi/.m2/repository/io/springfox/springfox-bean-validators/2.9.2/springfox-bean-validators-2.9.2.jar:/home/mehdi/.m2/repository/com/zaxxer/HikariCP/3.4.3/HikariCP-3.4.3.jar:/home/mehdi/.m2/repository/org/openapitools/jackson-databind-nullable/0.2.1/jackson-databind-nullable-0.2.1.jar:/home/mehdi/.m2/repository/org/testcontainers/mysql/1.14.3/mysql-1.14.3.jar:/home/mehdi/.m2/repository/org/testcontainers/jdbc/1.14.3/jdbc-1.14.3.jar:/home/mehdi/.m2/repository/org/testcontainers/database-commons/1.14.3/database-commons-1.14.3.jar:/home/mehdi/.m2/repository/org/testcontainers/testcontainers/1.14.3/testcontainers-1.14.3.jar:/home/mehdi/.m2/repository/org/jetbrains/annotations/19.0.0/annotations-19.0.0.jar:/home/mehdi/.m2/repository/org/rnorth/duct-tape/duct-tape/1.0.8/duct-tape-1.0.8.jar:/home/mehdi/.m2/repository/org/rnorth/visible-assertions/visible-assertions/2.1.2/visible-assertions-2.1.2.jar:/home/mehdi/.m2/repository/org/rnorth/tcp-unix-socket-proxy/1.0.2/tcp-unix-socket-proxy-1.0.2.jar:/home/mehdi/.m2/repository/com/kohlschutter/junixsocket/junixsocket-native-common/2.0.4/junixsocket-native-common-2.0.4.jar:/home/mehdi/.m2/repository/org/scijava/native-lib-loader/2.0.2/native-lib-loader-2.0.2.jar:/home/mehdi/.m2/repository/com/kohlschutter/junixsocket/junixsocket-common/2.0.4/junixsocket-common-2.0.4.jar:/home/mehdi/.m2/repository/net/java/dev/jna/jna-platform/4.5.2/jna-platform-4.5.2.jar:/home/mehdi/.m2/repository/mysql/mysql-connector-java/8.0.19/mysql-connector-java-8.0.19.jar:/home/mehdi/.m2/repository/com/google/protobuf/protobuf-java/3.11.4/protobuf-java-3.11.4.jar:/home/mehdi/.m2/repository/org/hibernate/hibernate-jpamodelgen/5.4.15.Final/hibernate-jpamodelgen-5.4.15.Final.jar:/home/mehdi/.m2/repository/org/jboss/logging/jboss-logging/3.4.1.Final/jboss-logging-3.4.1.Final.jar:/home/mehdi/.m2/repository/javax/xml/bind/jaxb-api/2.3.1/jaxb-api-2.3.1.jar:/home/mehdi/.m2/repository/org/glassfish/jaxb/jaxb-runtime/2.3.3/jaxb-runtime-2.3.3.jar:/home/mehdi/.m2/repository/org/glassfish/jaxb/txw2/2.3.3/txw2-2.3.3.jar:/home/mehdi/.m2/repository/com/sun/istack/istack-commons-runtime/3.0.11/istack-commons-runtime-3.0.11.jar:/home/mehdi/.m2/repository/com/sun/activation/jakarta.activation/1.2.2/jakarta.activation-1.2.2.jar:/home/mehdi/.m2/repository/org/hibernate/hibernate-core/5.4.15.Final/hibernate-core-5.4.15.Final.jar:/home/mehdi/.m2/repository/javax/persistence/javax.persistence-api/2.2/javax.persistence-api-2.2.jar:/home/mehdi/.m2/repository/org/javassist/javassist/3.24.0-GA/javassist-3.24.0-GA.jar:/home/mehdi/.m2/repository/net/bytebuddy/byte-buddy/1.10.10/byte-buddy-1.10.10.jar:/home/mehdi/.m2/repository/antlr/antlr/2.7.7/antlr-2.7.7.jar:/home/mehdi/.m2/repository/org/jboss/spec/javax/transaction/jboss-transaction-api_1.2_spec/1.1.1.Final/jboss-transaction-api_1.2_spec-1.1.1.Final.jar:/home/mehdi/.m2/repository/org/jboss/jandex/2.1.3.Final/jandex-2.1.3.Final.jar:/home/mehdi/.m2/repository/javax/activation/javax.activation-api/1.2.0/javax.activation-api-1.2.0.jar:/home/mehdi/.m2/repository/org/dom4j/dom4j/2.1.3/dom4j-2.1.3.jar:/home/mehdi/.m2/repository/org/hibernate/common/hibernate-commons-annotations/5.1.0.Final/hibernate-commons-annotations-5.1.0.Final.jar:/home/mehdi/.m2/repository/org/hibernate/validator/hibernate-validator/6.0.19.Final/hibernate-validator-6.0.19.Final.jar:/home/mehdi/.m2/repository/javax/validation/validation-api/2.0.1.Final/validation-api-2.0.1.Final.jar:/home/mehdi/.m2/repository/org/liquibase/liquibase-core/3.9.0/liquibase-core-3.9.0.jar:/home/mehdi/.m2/repository/net/logstash/logback/logstash-logback-encoder/6.3/logstash-logback-encoder-6.3.jar:/home/mehdi/.m2/repository/org/mapstruct/mapstruct/1.3.1.Final/mapstruct-1.3.1.Final.jar:/home/mehdi/.m2/repository/org/mapstruct/mapstruct-processor/1.3.1.Final/mapstruct-processor-1.3.1.Final.jar:/home/mehdi/.m2/repository/org/springframework/boot/spring-boot-configuration-processor/2.2.7.RELEASE/spring-boot-configuration-processor-2.2.7.RELEASE.jar:/home/mehdi/.m2/repository/org/springframework/boot/spring-boot-loader-tools/2.2.7.RELEASE/spring-boot-loader-tools-2.2.7.RELEASE.jar:/home/mehdi/.m2/repository/org/springframework/spring-core/5.2.6.RELEASE/spring-core-5.2.6.RELEASE.jar:/home/mehdi/.m2/repository/org/springframework/spring-jcl/5.2.6.RELEASE/spring-jcl-5.2.6.RELEASE.jar:/home/mehdi/.m2/repository/org/apache/commons/commons-compress/1.19/commons-compress-1.19.jar:/home/mehdi/.m2/repository/org/springframework/boot/spring-boot-starter-actuator/2.2.7.RELEASE/spring-boot-starter-actuator-2.2.7.RELEASE.jar:/home/mehdi/.m2/repository/org/springframework/boot/spring-boot-starter/2.2.7.RELEASE/spring-boot-starter-2.2.7.RELEASE.jar:/home/mehdi/.m2/repository/jakarta/annotation/jakarta.annotation-api/1.3.5/jakarta.annotation-api-1.3.5.jar:/home/mehdi/.m2/repository/org/yaml/snakeyaml/1.25/snakeyaml-1.25.jar:/home/mehdi/.m2/repository/org/springframework/boot/spring-boot-actuator-autoconfigure/2.2.7.RELEASE/spring-boot-actuator-autoconfigure-2.2.7.RELEASE.jar:/home/mehdi/.m2/repository/org/springframework/boot/spring-boot-actuator/2.2.7.RELEASE/spring-boot-actuator-2.2.7.RELEASE.jar:/home/mehdi/.m2/repository/io/micrometer/micrometer-core/1.4.2/micrometer-core-1.4.2.jar:/home/mehdi/.m2/repository/org/hdrhistogram/HdrHistogram/2.1.12/HdrHistogram-2.1.12.jar:/home/mehdi/.m2/repository/org/latencyutils/LatencyUtils/2.0.3/LatencyUtils-2.0.3.jar:/home/mehdi/.m2/repository/org/springframework/boot/spring-boot-starter-aop/2.2.7.RELEASE/spring-boot-starter-aop-2.2.7.RELEASE.jar:/home/mehdi/.m2/repository/org/springframework/spring-aop/5.2.6.RELEASE/spring-aop-5.2.6.RELEASE.jar:/home/mehdi/.m2/repository/org/aspectj/aspectjweaver/1.9.5/aspectjweaver-1.9.5.jar:/home/mehdi/.m2/repository/org/springframework/boot/spring-boot-starter-data-jpa/2.2.7.RELEASE/spring-boot-starter-data-jpa-2.2.7.RELEASE.jar:/home/mehdi/.m2/repository/org/springframework/boot/spring-boot-starter-jdbc/2.2.7.RELEASE/spring-boot-starter-jdbc-2.2.7.RELEASE.jar:/home/mehdi/.m2/repository/org/springframework/spring-jdbc/5.2.6.RELEASE/spring-jdbc-5.2.6.RELEASE.jar:/home/mehdi/.m2/repository/jakarta/persistence/jakarta.persistence-api/2.2.3/jakarta.persistence-api-2.2.3.jar:/home/mehdi/.m2/repository/jakarta/transaction/jakarta.transaction-api/1.3.3/jakarta.transaction-api-1.3.3.jar:/home/mehdi/.m2/repository/org/springframework/data/spring-data-jpa/2.2.7.RELEASE/spring-data-jpa-2.2.7.RELEASE.jar:/home/mehdi/.m2/repository/org/springframework/spring-orm/5.2.6.RELEASE/spring-orm-5.2.6.RELEASE.jar:/home/mehdi/.m2/repository/org/springframework/spring-tx/5.2.6.RELEASE/spring-tx-5.2.6.RELEASE.jar:/home/mehdi/.m2/repository/org/springframework/spring-aspects/5.2.6.RELEASE/spring-aspects-5.2.6.RELEASE.jar:/home/mehdi/.m2/repository/org/springframework/boot/spring-boot-starter-data-elasticsearch/2.2.7.RELEASE/spring-boot-starter-data-elasticsearch-2.2.7.RELEASE.jar:/home/mehdi/.m2/repository/org/springframework/data/spring-data-elasticsearch/3.2.7.RELEASE/spring-data-elasticsearch-3.2.7.RELEASE.jar:/home/mehdi/.m2/repository/joda-time/joda-time/2.10.6/joda-time-2.10.6.jar:/home/mehdi/.m2/repository/org/elasticsearch/client/transport/6.8.8/transport-6.8.8.jar:/home/mehdi/.m2/repository/org/elasticsearch/plugin/reindex-client/6.8.8/reindex-client-6.8.8.jar:/home/mehdi/.m2/repository/org/elasticsearch/elasticsearch-ssl-config/6.8.8/elasticsearch-ssl-config-6.8.8.jar:/home/mehdi/.m2/repository/org/elasticsearch/plugin/lang-mustache-client/6.8.8/lang-mustache-client-6.8.8.jar:/home/mehdi/.m2/repository/com/github/spullara/mustache/java/compiler/0.9.3/compiler-0.9.3.jar:/home/mehdi/.m2/repository/org/elasticsearch/plugin/percolator-client/6.8.8/percolator-client-6.8.8.jar:/home/mehdi/.m2/repository/org/elasticsearch/plugin/parent-join-client/6.8.8/parent-join-client-6.8.8.jar:/home/mehdi/.m2/repository/org/elasticsearch/plugin/rank-eval-client/6.8.8/rank-eval-client-6.8.8.jar:/home/mehdi/.m2/repository/org/elasticsearch/plugin/transport-netty4-client/6.8.8/transport-netty4-client-6.8.8.jar:/home/mehdi/.m2/repository/io/netty/netty-buffer/4.1.49.Final/netty-buffer-4.1.49.Final.jar:/home/mehdi/.m2/repository/io/netty/netty-codec/4.1.49.Final/netty-codec-4.1.49.Final.jar:/home/mehdi/.m2/repository/io/netty/netty-codec-http/4.1.49.Final/netty-codec-http-4.1.49.Final.jar:/home/mehdi/.m2/repository/io/netty/netty-common/4.1.49.Final/netty-common-4.1.49.Final.jar:/home/mehdi/.m2/repository/io/netty/netty-handler/4.1.49.Final/netty-handler-4.1.49.Final.jar:/home/mehdi/.m2/repository/io/netty/netty-resolver/4.1.49.Final/netty-resolver-4.1.49.Final.jar:/home/mehdi/.m2/repository/io/netty/netty-transport/4.1.49.Final/netty-transport-4.1.49.Final.jar:/home/mehdi/.m2/repository/org/elasticsearch/client/elasticsearch-rest-high-level-client/6.8.8/elasticsearch-rest-high-level-client-6.8.8.jar:/home/mehdi/.m2/repository/org/elasticsearch/client/elasticsearch-rest-client/6.8.8/elasticsearch-rest-client-6.8.8.jar:/home/mehdi/.m2/repository/org/elasticsearch/plugin/aggs-matrix-stats-client/6.8.8/aggs-matrix-stats-client-6.8.8.jar:/home/mehdi/.m2/repository/com/github/vanroy/spring-boot-starter-data-jest/3.3.1.RELEASE/spring-boot-starter-data-jest-3.3.1.RELEASE.jar:/home/mehdi/.m2/repository/com/github/vanroy/spring-data-jest/3.3.1.RELEASE/spring-data-jest-3.3.1.RELEASE.jar:/home/mehdi/.m2/repository/org/elasticsearch/elasticsearch/6.8.8/elasticsearch-6.8.8.jar:/home/mehdi/.m2/repository/org/elasticsearch/elasticsearch-core/6.8.8/elasticsearch-core-6.8.8.jar:/home/mehdi/.m2/repository/org/elasticsearch/elasticsearch-secure-sm/6.8.8/elasticsearch-secure-sm-6.8.8.jar:/home/mehdi/.m2/repository/org/elasticsearch/elasticsearch-x-content/6.8.8/elasticsearch-x-content-6.8.8.jar:/home/mehdi/.m2/repository/com/fasterxml/jackson/dataformat/jackson-dataformat-smile/2.10.4/jackson-dataformat-smile-2.10.4.jar:/home/mehdi/.m2/repository/com/fasterxml/jackson/dataformat/jackson-dataformat-yaml/2.10.4/jackson-dataformat-yaml-2.10.4.jar:/home/mehdi/.m2/repository/com/fasterxml/jackson/dataformat/jackson-dataformat-cbor/2.10.4/jackson-dataformat-cbor-2.10.4.jar:/home/mehdi/.m2/repository/org/apache/lucene/lucene-core/7.7.2/lucene-core-7.7.2.jar:/home/mehdi/.m2/repository/org/apache/lucene/lucene-analyzers-common/7.7.2/lucene-analyzers-common-7.7.2.jar:/home/mehdi/.m2/repository/org/apache/lucene/lucene-backward-codecs/7.7.2/lucene-backward-codecs-7.7.2.jar:/home/mehdi/.m2/repository/org/apache/lucene/lucene-grouping/7.7.2/lucene-grouping-7.7.2.jar:/home/mehdi/.m2/repository/org/apache/lucene/lucene-highlighter/7.7.2/lucene-highlighter-7.7.2.jar:/home/mehdi/.m2/repository/org/apache/lucene/lucene-join/7.7.2/lucene-join-7.7.2.jar:/home/mehdi/.m2/repository/org/apache/lucene/lucene-memory/7.7.2/lucene-memory-7.7.2.jar:/home/mehdi/.m2/repository/org/apache/lucene/lucene-misc/7.7.2/lucene-misc-7.7.2.jar:/home/mehdi/.m2/repository/org/apache/lucene/lucene-queries/7.7.2/lucene-queries-7.7.2.jar:/home/mehdi/.m2/repository/org/apache/lucene/lucene-queryparser/7.7.2/lucene-queryparser-7.7.2.jar:/home/mehdi/.m2/repository/org/apache/lucene/lucene-sandbox/7.7.2/lucene-sandbox-7.7.2.jar:/home/mehdi/.m2/repository/org/apache/lucene/lucene-spatial/7.7.2/lucene-spatial-7.7.2.jar:/home/mehdi/.m2/repository/org/apache/lucene/lucene-spatial-extras/7.7.2/lucene-spatial-extras-7.7.2.jar:/home/mehdi/.m2/repository/org/apache/lucene/lucene-spatial3d/7.7.2/lucene-spatial3d-7.7.2.jar:/home/mehdi/.m2/repository/org/apache/lucene/lucene-suggest/7.7.2/lucene-suggest-7.7.2.jar:/home/mehdi/.m2/repository/org/elasticsearch/elasticsearch-cli/6.8.8/elasticsearch-cli-6.8.8.jar:/home/mehdi/.m2/repository/net/sf/jopt-simple/jopt-simple/5.0.2/jopt-simple-5.0.2.jar:/home/mehdi/.m2/repository/com/tdunning/t-digest/3.2/t-digest-3.2.jar:/home/mehdi/.m2/repository/org/elasticsearch/jna/4.5.1/jna-4.5.1.jar:/home/mehdi/.m2/repository/io/searchbox/jest/6.3.1/jest-6.3.1.jar:/home/mehdi/.m2/repository/io/searchbox/jest-common/6.3.1/jest-common-6.3.1.jar:/home/mehdi/.m2/repository/org/apache/httpcomponents/httpcore-nio/4.4.13/httpcore-nio-4.4.13.jar:/home/mehdi/.m2/repository/org/apache/httpcomponents/httpasyncclient/4.1.4/httpasyncclient-4.1.4.jar:/home/mehdi/.m2/repository/com/google/code/gson/gson/2.8.6/gson-2.8.6.jar:/home/mehdi/.m2/repository/net/java/dev/jna/jna/4.5.2/jna-4.5.2.jar:/home/mehdi/.m2/repository/org/apache/logging/log4j/log4j-api/2.12.1/log4j-api-2.12.1.jar:/home/mehdi/.m2/repository/de/dentrassi/elasticsearch/log4j2-mock/0.0.2/log4j2-mock-0.0.2.jar:/home/mehdi/.m2/repository/org/springframework/boot/spring-boot-starter-logging/2.2.7.RELEASE/spring-boot-starter-logging-2.2.7.RELEASE.jar:/home/mehdi/.m2/repository/ch/qos/logback/logback-classic/1.2.3/logback-classic-1.2.3.jar:/home/mehdi/.m2/repository/ch/qos/logback/logback-core/1.2.3/logback-core-1.2.3.jar:/home/mehdi/.m2/repository/org/apache/logging/log4j/log4j-to-slf4j/2.12.1/log4j-to-slf4j-2.12.1.jar:/home/mehdi/.m2/repository/org/slf4j/jul-to-slf4j/1.7.30/jul-to-slf4j-1.7.30.jar:/home/mehdi/.m2/repository/org/springframework/boot/spring-boot-starter-mail/2.2.7.RELEASE/spring-boot-starter-mail-2.2.7.RELEASE.jar:/home/mehdi/.m2/repository/com/sun/mail/jakarta.mail/1.6.5/jakarta.mail-1.6.5.jar:/home/mehdi/.m2/repository/org/springframework/boot/spring-boot-starter-security/2.2.7.RELEASE/spring-boot-starter-security-2.2.7.RELEASE.jar:/home/mehdi/.m2/repository/org/springframework/security/spring-security-config/5.2.4.RELEASE/spring-security-config-5.2.4.RELEASE.jar:/home/mehdi/.m2/repository/org/springframework/security/spring-security-web/5.2.4.RELEASE/spring-security-web-5.2.4.RELEASE.jar:/home/mehdi/.m2/repository/org/springframework/spring-expression/5.2.6.RELEASE/spring-expression-5.2.6.RELEASE.jar:/home/mehdi/.m2/repository/org/springframework/boot/spring-boot-starter-thymeleaf/2.2.7.RELEASE/spring-boot-starter-thymeleaf-2.2.7.RELEASE.jar:/home/mehdi/.m2/repository/org/thymeleaf/thymeleaf-spring5/3.0.11.RELEASE/thymeleaf-spring5-3.0.11.RELEASE.jar:/home/mehdi/.m2/repository/org/thymeleaf/thymeleaf/3.0.11.RELEASE/thymeleaf-3.0.11.RELEASE.jar:/home/mehdi/.m2/repository/org/attoparser/attoparser/2.0.5.RELEASE/attoparser-2.0.5.RELEASE.jar:/home/mehdi/.m2/repository/org/unbescape/unbescape/1.1.6.RELEASE/unbescape-1.1.6.RELEASE.jar:/home/mehdi/.m2/repository/org/thymeleaf/extras/thymeleaf-extras-java8time/3.0.4.RELEASE/thymeleaf-extras-java8time-3.0.4.RELEASE.jar:/home/mehdi/.m2/repository/org/springframework/boot/spring-boot-starter-web/2.2.7.RELEASE/spring-boot-starter-web-2.2.7.RELEASE.jar:/home/mehdi/.m2/repository/org/springframework/boot/spring-boot-starter-json/2.2.7.RELEASE/spring-boot-starter-json-2.2.7.RELEASE.jar:/home/mehdi/.m2/repository/com/fasterxml/jackson/datatype/jackson-datatype-jdk8/2.10.4/jackson-datatype-jdk8-2.10.4.jar:/home/mehdi/.m2/repository/com/fasterxml/jackson/module/jackson-module-parameter-names/2.10.4/jackson-module-parameter-names-2.10.4.jar:/home/mehdi/.m2/repository/org/springframework/boot/spring-boot-starter-validation/2.2.7.RELEASE/spring-boot-starter-validation-2.2.7.RELEASE.jar:/home/mehdi/.m2/repository/jakarta/validation/jakarta.validation-api/2.0.2/jakarta.validation-api-2.0.2.jar:/home/mehdi/.m2/repository/org/springframework/spring-web/5.2.6.RELEASE/spring-web-5.2.6.RELEASE.jar:/home/mehdi/.m2/repository/org/springframework/spring-webmvc/5.2.6.RELEASE/spring-webmvc-5.2.6.RELEASE.jar:/home/mehdi/.m2/repository/org/springframework/boot/spring-boot-starter-test/2.2.7.RELEASE/spring-boot-starter-test-2.2.7.RELEASE.jar:/home/mehdi/.m2/repository/org/springframework/boot/spring-boot-test-autoconfigure/2.2.7.RELEASE/spring-boot-test-autoconfigure-2.2.7.RELEASE.jar:/home/mehdi/.m2/repository/com/jayway/jsonpath/json-path/2.4.0/json-path-2.4.0.jar:/home/mehdi/.m2/repository/net/minidev/json-smart/2.3/json-smart-2.3.jar:/home/mehdi/.m2/repository/net/minidev/accessors-smart/1.2/accessors-smart-1.2.jar:/home/mehdi/.m2/repository/org/junit/jupiter/junit-jupiter/5.5.2/junit-jupiter-5.5.2.jar:/home/mehdi/.m2/repository/org/junit/jupiter/junit-jupiter-api/5.5.2/junit-jupiter-api-5.5.2.jar:/home/mehdi/.m2/repository/org/opentest4j/opentest4j/1.2.0/opentest4j-1.2.0.jar:/home/mehdi/.m2/repository/org/junit/platform/junit-platform-commons/1.5.2/junit-platform-commons-1.5.2.jar:/home/mehdi/.m2/repository/org/junit/jupiter/junit-jupiter-params/5.5.2/junit-jupiter-params-5.5.2.jar:/home/mehdi/.m2/repository/org/junit/jupiter/junit-jupiter-engine/5.5.2/junit-jupiter-engine-5.5.2.jar:/home/mehdi/.m2/repository/org/junit/vintage/junit-vintage-engine/5.5.2/junit-vintage-engine-5.5.2.jar:/home/mehdi/.m2/repository/org/junit/platform/junit-platform-engine/1.5.2/junit-platform-engine-1.5.2.jar:/home/mehdi/.m2/repository/org/mockito/mockito-junit-jupiter/3.1.0/mockito-junit-jupiter-3.1.0.jar:/home/mehdi/.m2/repository/org/assertj/assertj-core/3.13.2/assertj-core-3.13.2.jar:/home/mehdi/.m2/repository/org/hamcrest/hamcrest/2.1/hamcrest-2.1.jar:/home/mehdi/.m2/repository/org/mockito/mockito-core/3.1.0/mockito-core-3.1.0.jar:/home/mehdi/.m2/repository/net/bytebuddy/byte-buddy-agent/1.10.10/byte-buddy-agent-1.10.10.jar:/home/mehdi/.m2/repository/org/objenesis/objenesis/2.6/objenesis-2.6.jar:/home/mehdi/.m2/repository/org/skyscreamer/jsonassert/1.5.0/jsonassert-1.5.0.jar:/home/mehdi/.m2/repository/org/springframework/spring-test/5.2.6.RELEASE/spring-test-5.2.6.RELEASE.jar:/home/mehdi/.m2/repository/org/xmlunit/xmlunit-core/2.6.4/xmlunit-core-2.6.4.jar:/home/mehdi/.m2/repository/org/springframework/boot/spring-boot-test/2.2.7.RELEASE/spring-boot-test-2.2.7.RELEASE.jar:/home/mehdi/.m2/repository/org/springframework/boot/spring-boot/2.2.7.RELEASE/spring-boot-2.2.7.RELEASE.jar:/home/mehdi/.m2/repository/org/springframework/security/spring-security-test/5.2.4.RELEASE/spring-security-test-5.2.4.RELEASE.jar:/home/mehdi/.m2/repository/org/springframework/security/spring-security-core/5.2.4.RELEASE/spring-security-core-5.2.4.RELEASE.jar:/home/mehdi/.m2/repository/com/tngtech/archunit/archunit-junit5-api/0.14.1/archunit-junit5-api-0.14.1.jar:/home/mehdi/.m2/repository/com/tngtech/archunit/archunit/0.14.1/archunit-0.14.1.jar:/home/mehdi/.m2/repository/com/tngtech/archunit/archunit-junit5-engine/0.14.1/archunit-junit5-engine-0.14.1.jar:/home/mehdi/.m2/repository/com/tngtech/archunit/archunit-junit5-engine-api/0.14.1/archunit-junit5-engine-api-0.14.1.jar:/home/mehdi/.m2/repository/org/zalando/problem-spring-web/0.25.2/problem-spring-web-0.25.2.jar:/home/mehdi/.m2/repository/org/zalando/problem-violations/0.25.2/problem-violations-0.25.2.jar:/home/mehdi/.m2/repository/org/zalando/problem-spring-common/0.25.2/problem-spring-common-0.25.2.jar:/home/mehdi/.m2/repository/org/apiguardian/apiguardian-api/1.1.0/apiguardian-api-1.1.0.jar:/home/mehdi/.m2/repository/com/google/code/findbugs/jsr305/3.0.2/jsr305-3.0.2.jar:/home/mehdi/.m2/repository/org/zalando/problem/0.23.0/problem-0.23.0.jar:/home/mehdi/.m2/repository/org/zalando/jackson-datatype-problem/0.23.0/jackson-datatype-problem-0.23.0.jar:/home/mehdi/.m2/repository/org/zalando/faux-pas/0.8.0/faux-pas-0.8.0.jar:/home/mehdi/.m2/repository/io/jsonwebtoken/jjwt-api/0.11.1/jjwt-api-0.11.1.jar:/home/mehdi/.m2/repository/io/jsonwebtoken/jjwt-impl/0.11.1/jjwt-impl-0.11.1.jar:/home/mehdi/.m2/repository/io/jsonwebtoken/jjwt-jackson/0.11.1/jjwt-jackson-0.11.1.jar:/home/mehdi/.m2/repository/org/springframework/cloud/spring-cloud-starter/2.2.2.RELEASE/spring-cloud-starter-2.2.2.RELEASE.jar:/home/mehdi/.m2/repository/org/springframework/cloud/spring-cloud-context/2.2.2.RELEASE/spring-cloud-context-2.2.2.RELEASE.jar:/home/mehdi/.m2/repository/org/springframework/security/spring-security-crypto/5.2.4.RELEASE/spring-security-crypto-5.2.4.RELEASE.jar:/home/mehdi/.m2/repository/org/springframework/cloud/spring-cloud-commons/2.2.2.RELEASE/spring-cloud-commons-2.2.2.RELEASE.jar:/home/mehdi/.m2/repository/org/springframework/security/spring-security-rsa/1.0.9.RELEASE/spring-security-rsa-1.0.9.RELEASE.jar:/home/mehdi/.m2/repository/org/bouncycastle/bcpkix-jdk15on/1.64/bcpkix-jdk15on-1.64.jar:/home/mehdi/.m2/repository/org/bouncycastle/bcprov-jdk15on/1.64/bcprov-jdk15on-1.64.jar:/home/mehdi/.m2/repository/org/springframework/cloud/spring-cloud-starter-netflix-ribbon/2.2.2.RELEASE/spring-cloud-starter-netflix-ribbon-2.2.2.RELEASE.jar:/home/mehdi/.m2/repository/org/springframework/cloud/spring-cloud-netflix-ribbon/2.2.2.RELEASE/spring-cloud-netflix-ribbon-2.2.2.RELEASE.jar:/home/mehdi/.m2/repository/org/springframework/cloud/spring-cloud-netflix-archaius/2.2.2.RELEASE/spring-cloud-netflix-archaius-2.2.2.RELEASE.jar:/home/mehdi/.m2/repository/org/springframework/cloud/spring-cloud-starter-netflix-archaius/2.2.2.RELEASE/spring-cloud-starter-netflix-archaius-2.2.2.RELEASE.jar:/home/mehdi/.m2/repository/com/netflix/archaius/archaius-core/0.7.6/archaius-core-0.7.6.jar:/home/mehdi/.m2/repository/commons-configuration/commons-configuration/1.8/commons-configuration-1.8.jar:/home/mehdi/.m2/repository/com/netflix/ribbon/ribbon/2.3.0/ribbon-2.3.0.jar:/home/mehdi/.m2/repository/com/netflix/ribbon/ribbon-transport/2.3.0/ribbon-transport-2.3.0.jar:/home/mehdi/.m2/repository/io/reactivex/rxnetty-contexts/0.4.9/rxnetty-contexts-0.4.9.jar:/home/mehdi/.m2/repository/io/reactivex/rxnetty-servo/0.4.9/rxnetty-servo-0.4.9.jar:/home/mehdi/.m2/repository/javax/inject/javax.inject/1/javax.inject-1.jar:/home/mehdi/.m2/repository/io/reactivex/rxnetty/0.4.9/rxnetty-0.4.9.jar:/home/mehdi/.m2/repository/com/netflix/ribbon/ribbon-core/2.3.0/ribbon-core-2.3.0.jar:/home/mehdi/.m2/repository/commons-lang/commons-lang/2.6/commons-lang-2.6.jar:/home/mehdi/.m2/repository/com/netflix/ribbon/ribbon-httpclient/2.3.0/ribbon-httpclient-2.3.0.jar:/home/mehdi/.m2/repository/commons-collections/commons-collections/3.2.2/commons-collections-3.2.2.jar:/home/mehdi/.m2/repository/org/apache/httpcomponents/httpclient/4.5.12/httpclient-4.5.12.jar:/home/mehdi/.m2/repository/org/apache/httpcomponents/httpcore/4.4.13/httpcore-4.4.13.jar:/home/mehdi/.m2/repository/commons-codec/commons-codec/1.13/commons-codec-1.13.jar:/home/mehdi/.m2/repository/com/sun/jersey/jersey-client/1.19.1/jersey-client-1.19.1.jar:/home/mehdi/.m2/repository/com/sun/jersey/jersey-core/1.19.1/jersey-core-1.19.1.jar:/home/mehdi/.m2/repository/javax/ws/rs/jsr311-api/1.1.1/jsr311-api-1.1.1.jar:/home/mehdi/.m2/repository/com/sun/jersey/contribs/jersey-apache-client4/1.19.1/jersey-apache-client4-1.19.1.jar:/home/mehdi/.m2/repository/com/netflix/servo/servo-core/0.12.21/servo-core-0.12.21.jar:/home/mehdi/.m2/repository/com/netflix/netflix-commons/netflix-commons-util/0.3.0/netflix-commons-util-0.3.0.jar:/home/mehdi/.m2/repository/com/netflix/ribbon/ribbon-loadbalancer/2.3.0/ribbon-loadbalancer-2.3.0.jar:/home/mehdi/.m2/repository/com/netflix/netflix-commons/netflix-statistics/0.1.1/netflix-statistics-0.1.1.jar:/home/mehdi/.m2/repository/io/reactivex/rxjava/1.3.8/rxjava-1.3.8.jar:/home/mehdi/.m2/repository/org/springframework/cloud/spring-cloud-starter-netflix-hystrix/2.2.2.RELEASE/spring-cloud-starter-netflix-hystrix-2.2.2.RELEASE.jar:/home/mehdi/.m2/repository/org/springframework/cloud/spring-cloud-netflix-hystrix/2.2.2.RELEASE/spring-cloud-netflix-hystrix-2.2.2.RELEASE.jar:/home/mehdi/.m2/repository/com/netflix/hystrix/hystrix-core/1.5.18/hystrix-core-1.5.18.jar:/home/mehdi/.m2/repository/com/netflix/hystrix/hystrix-serialization/1.5.18/hystrix-serialization-1.5.18.jar:/home/mehdi/.m2/repository/com/fasterxml/jackson/module/jackson-module-afterburner/2.10.4/jackson-module-afterburner-2.10.4.jar:/home/mehdi/.m2/repository/com/netflix/hystrix/hystrix-metrics-event-stream/1.5.18/hystrix-metrics-event-stream-1.5.18.jar:/home/mehdi/.m2/repository/com/netflix/hystrix/hystrix-javanica/1.5.18/hystrix-javanica-1.5.18.jar:/home/mehdi/.m2/repository/org/apache/commons/commons-lang3/3.9/commons-lang3-3.9.jar:/home/mehdi/.m2/repository/org/ow2/asm/asm/5.0.4/asm-5.0.4.jar:/home/mehdi/.m2/repository/io/reactivex/rxjava-reactive-streams/1.2.1/rxjava-reactive-streams-1.2.1.jar:/home/mehdi/.m2/repository/org/reactivestreams/reactive-streams/1.0.3/reactive-streams-1.0.3.jar:/home/mehdi/.m2/repository/org/springframework/retry/spring-retry/1.2.5.RELEASE/spring-retry-1.2.5.RELEASE.jar:/home/mehdi/.m2/repository/org/springframework/cloud/spring-cloud-starter-openfeign/2.2.2.RELEASE/spring-cloud-starter-openfeign-2.2.2.RELEASE.jar:/home/mehdi/.m2/repository/org/springframework/cloud/spring-cloud-openfeign-core/2.2.2.RELEASE/spring-cloud-openfeign-core-2.2.2.RELEASE.jar:/home/mehdi/.m2/repository/io/github/openfeign/form/feign-form-spring/3.8.0/feign-form-spring-3.8.0.jar:/home/mehdi/.m2/repository/io/github/openfeign/form/feign-form/3.8.0/feign-form-3.8.0.jar:/home/mehdi/.m2/repository/commons-fileupload/commons-fileupload/1.4/commons-fileupload-1.4.jar:/home/mehdi/.m2/repository/commons-io/commons-io/2.6/commons-io-2.6.jar:/home/mehdi/.m2/repository/io/github/openfeign/feign-core/10.7.4/feign-core-10.7.4.jar:/home/mehdi/.m2/repository/io/github/openfeign/feign-slf4j/10.7.4/feign-slf4j-10.7.4.jar:/home/mehdi/.m2/repository/io/github/openfeign/feign-hystrix/10.7.4/feign-hystrix-10.7.4.jar:/home/mehdi/.m2/repository/org/springframework/boot/spring-boot-starter-cloud-connectors/2.2.7.RELEASE/spring-boot-starter-cloud-connectors-2.2.7.RELEASE.jar:/home/mehdi/.m2/repository/org/springframework/cloud/spring-cloud-spring-service-connector/2.0.7.RELEASE/spring-cloud-spring-service-connector-2.0.7.RELEASE.jar:/home/mehdi/.m2/repository/org/springframework/cloud/spring-cloud-connectors-core/2.0.7.RELEASE/spring-cloud-connectors-core-2.0.7.RELEASE.jar:/home/mehdi/.m2/repository/org/springframework/cloud/spring-cloud-cloudfoundry-connector/2.0.7.RELEASE/spring-cloud-cloudfoundry-connector-2.0.7.RELEASE.jar:/home/mehdi/.m2/repository/org/springframework/cloud/spring-cloud-heroku-connector/2.0.7.RELEASE/spring-cloud-heroku-connector-2.0.7.RELEASE.jar:/home/mehdi/.m2/repository/org/springframework/cloud/spring-cloud-localconfig-connector/2.0.7.RELEASE/spring-cloud-localconfig-connector-2.0.7.RELEASE.jar:/home/mehdi/.m2/repository/org/springframework/security/spring-security-data/5.2.4.RELEASE/spring-security-data-5.2.4.RELEASE.jar:/home/mehdi/.m2/repository/org/springframework/data/spring-data-commons/2.2.7.RELEASE/spring-data-commons-2.2.7.RELEASE.jar:/home/mehdi/.m2/repository/io/micrometer/micrometer-registry-prometheus/1.4.2/micrometer-registry-prometheus-1.4.2.jar:/home/mehdi/.m2/repository/io/prometheus/simpleclient_common/0.8.1/simpleclient_common-0.8.1.jar:/home/mehdi/.m2/repository/io/prometheus/simpleclient/0.9.0/simpleclient-0.9.0.jar:/home/mehdi/.m2/repository/io/dropwizard/metrics/metrics-core/4.1.9/metrics-core-4.1.9.jar:/home/mehdi/.m2/repository/io/cucumber/cucumber-junit/4.8.1/cucumber-junit-4.8.1.jar:/home/mehdi/.m2/repository/io/cucumber/cucumber-core/4.8.1/cucumber-core-4.8.1.jar:/home/mehdi/.m2/repository/io/cucumber/gherkin/5.1.0/gherkin-5.1.0.jar:/home/mehdi/.m2/repository/io/cucumber/tag-expressions/1.1.1/tag-expressions-1.1.1.jar:/home/mehdi/.m2/repository/io/cucumber/cucumber-expressions/7.0.2/cucumber-expressions-7.0.2.jar:/home/mehdi/.m2/repository/io/cucumber/datatable/1.1.14/datatable-1.1.14.jar:/home/mehdi/.m2/repository/io/cucumber/datatable-dependencies/1.1.14/datatable-dependencies-1.1.14.jar:/home/mehdi/.m2/repository/junit/junit/4.12/junit-4.12.jar:/home/mehdi/.m2/repository/org/hamcrest/hamcrest-core/2.1/hamcrest-core-2.1.jar:/home/mehdi/.m2/repository/io/cucumber/cucumber-spring/4.8.1/cucumber-spring-4.8.1.jar:/home/mehdi/.m2/repository/io/cucumber/cucumber-java/4.8.1/cucumber-java-4.8.1.jar:/home/mehdi/.m2/repository/org/springframework/boot/spring-boot-starter-undertow/2.2.7.RELEASE/spring-boot-starter-undertow-2.2.7.RELEASE.jar:/home/mehdi/.m2/repository/io/undertow/undertow-core/2.0.30.Final/undertow-core-2.0.30.Final.jar:/home/mehdi/.m2/repository/org/jboss/xnio/xnio-api/3.3.8.Final/xnio-api-3.3.8.Final.jar:/home/mehdi/.m2/repository/org/jboss/xnio/xnio-nio/3.3.8.Final/xnio-nio-3.3.8.Final.jar:/home/mehdi/.m2/repository/io/undertow/undertow-servlet/2.0.30.Final/undertow-servlet-2.0.30.Final.jar:/home/mehdi/.m2/repository/org/jboss/spec/javax/annotation/jboss-annotations-api_1.2_spec/1.0.2.Final/jboss-annotations-api_1.2_spec-1.0.2.Final.jar:/home/mehdi/.m2/repository/io/undertow/undertow-websockets-jsr/2.0.30.Final/undertow-websockets-jsr-2.0.30.Final.jar:/home/mehdi/.m2/repository/org/jboss/spec/javax/websocket/jboss-websocket-api_1.1_spec/1.1.4.Final/jboss-websocket-api_1.1_spec-1.1.4.Final.jar:/home/mehdi/.m2/repository/jakarta/servlet/jakarta.servlet-api/4.0.3/jakarta.servlet-api-4.0.3.jar:/home/mehdi/.m2/repository/org/glassfish/jakarta.el/3.0.3/jakarta.el-3.0.3.jar:/home/mehdi/.m2/repository/org/springframework/boot/spring-boot-devtools/2.2.7.RELEASE/spring-boot-devtools-2.2.7.RELEASE.jar:"/>
    <property name="java.vm.vendor" value="Ubuntu"/>
    <property name="sun.arch.data.model" value="64"/>
    <property name="java.vendor.url" value="https://ubuntu.com/"/>
    <property name="user.timezone" value="Europe/Paris"/>
    <property name="java.vm.specification.version" value="11"/>
    <property name="os.name" value="Linux"/>
    <property name="sun.java.launcher" value="SUN_STANDARD"/>
    <property name="sun.boot.library.path" value="/usr/lib/jvm/java-11-openjdk-amd64/lib"/>
    <property name="sun.java.command" value="/home/mehdi/Give4Free/target/surefire/surefirebooter7678069589456173248.jar /home/mehdi/Give4Free/target/surefire 2020-06-14T12-57-24_511-jvmRun1 surefire17710583962016066043tmp surefire_05057462402321347016tmp"/>
    <property name="jdk.debug" value="release"/>
    <property name="surefire.test.class.path" value="/home/mehdi/Give4Free/target/test-classes:/home/mehdi/Give4Free/target/classes:/home/mehdi/.m2/repository/io/github/jhipster/jhipster-framework/3.8.0/jhipster-framework-3.8.0.jar:/home/mehdi/.m2/repository/org/springframework/spring-context-support/5.2.6.RELEASE/spring-context-support-5.2.6.RELEASE.jar:/home/mehdi/.m2/repository/org/springframework/spring-beans/5.2.6.RELEASE/spring-beans-5.2.6.RELEASE.jar:/home/mehdi/.m2/repository/org/springframework/spring-context/5.2.6.RELEASE/spring-context-5.2.6.RELEASE.jar:/home/mehdi/.m2/repository/org/springframework/boot/spring-boot-autoconfigure/2.2.7.RELEASE/spring-boot-autoconfigure-2.2.7.RELEASE.jar:/home/mehdi/.m2/repository/com/fasterxml/classmate/1.3.3/classmate-1.3.3.jar:/home/mehdi/.m2/repository/javax/annotation/javax.annotation-api/1.3.2/javax.annotation-api-1.3.2.jar:/home/mehdi/.m2/repository/com/fasterxml/jackson/module/jackson-module-jaxb-annotations/2.10.4/jackson-module-jaxb-annotations-2.10.4.jar:/home/mehdi/.m2/repository/com/fasterxml/jackson/core/jackson-annotations/2.10.4/jackson-annotations-2.10.4.jar:/home/mehdi/.m2/repository/com/fasterxml/jackson/core/jackson-core/2.10.4/jackson-core-2.10.4.jar:/home/mehdi/.m2/repository/com/fasterxml/jackson/core/jackson-databind/2.10.4/jackson-databind-2.10.4.jar:/home/mehdi/.m2/repository/jakarta/xml/bind/jakarta.xml.bind-api/2.3.3/jakarta.xml.bind-api-2.3.3.jar:/home/mehdi/.m2/repository/jakarta/activation/jakarta.activation-api/1.2.2/jakarta.activation-api-1.2.2.jar:/home/mehdi/.m2/repository/com/fasterxml/jackson/datatype/jackson-datatype-hibernate5/2.10.4/jackson-datatype-hibernate5-2.10.4.jar:/home/mehdi/.m2/repository/javax/transaction/javax.transaction-api/1.3/javax.transaction-api-1.3.jar:/home/mehdi/.m2/repository/com/fasterxml/jackson/datatype/jackson-datatype-hppc/2.10.4/jackson-datatype-hppc-2.10.4.jar:/home/mehdi/.m2/repository/com/carrotsearch/hppc/0.8.1/hppc-0.8.1.jar:/home/mehdi/.m2/repository/com/fasterxml/jackson/datatype/jackson-datatype-jsr310/2.10.4/jackson-datatype-jsr310-2.10.4.jar:/home/mehdi/.m2/repository/com/h2database/h2/1.4.200/h2-1.4.200.jar:/home/mehdi/.m2/repository/io/springfox/springfox-swagger2/2.9.2/springfox-swagger2-2.9.2.jar:/home/mehdi/.m2/repository/io/swagger/swagger-annotations/1.5.20/swagger-annotations-1.5.20.jar:/home/mehdi/.m2/repository/io/swagger/swagger-models/1.5.20/swagger-models-1.5.20.jar:/home/mehdi/.m2/repository/io/springfox/springfox-spi/2.9.2/springfox-spi-2.9.2.jar:/home/mehdi/.m2/repository/io/springfox/springfox-core/2.9.2/springfox-core-2.9.2.jar:/home/mehdi/.m2/repository/io/springfox/springfox-schema/2.9.2/springfox-schema-2.9.2.jar:/home/mehdi/.m2/repository/io/springfox/springfox-swagger-common/2.9.2/springfox-swagger-common-2.9.2.jar:/home/mehdi/.m2/repository/io/springfox/springfox-spring-web/2.9.2/springfox-spring-web-2.9.2.jar:/home/mehdi/.m2/repository/com/google/guava/guava/29.0-jre/guava-29.0-jre.jar:/home/mehdi/.m2/repository/com/google/guava/failureaccess/1.0.1/failureaccess-1.0.1.jar:/home/mehdi/.m2/repository/com/google/guava/listenablefuture/9999.0-empty-to-avoid-conflict-with-guava/listenablefuture-9999.0-empty-to-avoid-conflict-with-guava.jar:/home/mehdi/.m2/repository/org/checkerframework/checker-qual/2.11.1/checker-qual-2.11.1.jar:/home/mehdi/.m2/repository/com/google/errorprone/error_prone_annotations/2.3.4/error_prone_annotations-2.3.4.jar:/home/mehdi/.m2/repository/com/google/j2objc/j2objc-annotations/1.3/j2objc-annotations-1.3.jar:/home/mehdi/.m2/repository/org/slf4j/slf4j-api/1.7.30/slf4j-api-1.7.30.jar:/home/mehdi/.m2/repository/org/springframework/plugin/spring-plugin-core/1.2.0.RELEASE/spring-plugin-core-1.2.0.RELEASE.jar:/home/mehdi/.m2/repository/org/springframework/plugin/spring-plugin-metadata/1.2.0.RELEASE/spring-plugin-metadata-1.2.0.RELEASE.jar:/home/mehdi/.m2/repository/io/springfox/springfox-bean-validators/2.9.2/springfox-bean-validators-2.9.2.jar:/home/mehdi/.m2/repository/com/zaxxer/HikariCP/3.4.3/HikariCP-3.4.3.jar:/home/mehdi/.m2/repository/org/openapitools/jackson-databind-nullable/0.2.1/jackson-databind-nullable-0.2.1.jar:/home/mehdi/.m2/repository/org/testcontainers/mysql/1.14.3/mysql-1.14.3.jar:/home/mehdi/.m2/repository/org/testcontainers/jdbc/1.14.3/jdbc-1.14.3.jar:/home/mehdi/.m2/repository/org/testcontainers/database-commons/1.14.3/database-commons-1.14.3.jar:/home/mehdi/.m2/repository/org/testcontainers/testcontainers/1.14.3/testcontainers-1.14.3.jar:/home/mehdi/.m2/repository/org/jetbrains/annotations/19.0.0/annotations-19.0.0.jar:/home/mehdi/.m2/repository/org/rnorth/duct-tape/duct-tape/1.0.8/duct-tape-1.0.8.jar:/home/mehdi/.m2/repository/org/rnorth/visible-assertions/visible-assertions/2.1.2/visible-assertions-2.1.2.jar:/home/mehdi/.m2/repository/org/rnorth/tcp-unix-socket-proxy/1.0.2/tcp-unix-socket-proxy-1.0.2.jar:/home/mehdi/.m2/repository/com/kohlschutter/junixsocket/junixsocket-native-common/2.0.4/junixsocket-native-common-2.0.4.jar:/home/mehdi/.m2/repository/org/scijava/native-lib-loader/2.0.2/native-lib-loader-2.0.2.jar:/home/mehdi/.m2/repository/com/kohlschutter/junixsocket/junixsocket-common/2.0.4/junixsocket-common-2.0.4.jar:/home/mehdi/.m2/repository/net/java/dev/jna/jna-platform/4.5.2/jna-platform-4.5.2.jar:/home/mehdi/.m2/repository/mysql/mysql-connector-java/8.0.19/mysql-connector-java-8.0.19.jar:/home/mehdi/.m2/repository/com/google/protobuf/protobuf-java/3.11.4/protobuf-java-3.11.4.jar:/home/mehdi/.m2/repository/org/hibernate/hibernate-jpamodelgen/5.4.15.Final/hibernate-jpamodelgen-5.4.15.Final.jar:/home/mehdi/.m2/repository/org/jboss/logging/jboss-logging/3.4.1.Final/jboss-logging-3.4.1.Final.jar:/home/mehdi/.m2/repository/javax/xml/bind/jaxb-api/2.3.1/jaxb-api-2.3.1.jar:/home/mehdi/.m2/repository/org/glassfish/jaxb/jaxb-runtime/2.3.3/jaxb-runtime-2.3.3.jar:/home/mehdi/.m2/repository/org/glassfish/jaxb/txw2/2.3.3/txw2-2.3.3.jar:/home/mehdi/.m2/repository/com/sun/istack/istack-commons-runtime/3.0.11/istack-commons-runtime-3.0.11.jar:/home/mehdi/.m2/repository/com/sun/activation/jakarta.activation/1.2.2/jakarta.activation-1.2.2.jar:/home/mehdi/.m2/repository/org/hibernate/hibernate-core/5.4.15.Final/hibernate-core-5.4.15.Final.jar:/home/mehdi/.m2/repository/javax/persistence/javax.persistence-api/2.2/javax.persistence-api-2.2.jar:/home/mehdi/.m2/repository/org/javassist/javassist/3.24.0-GA/javassist-3.24.0-GA.jar:/home/mehdi/.m2/repository/net/bytebuddy/byte-buddy/1.10.10/byte-buddy-1.10.10.jar:/home/mehdi/.m2/repository/antlr/antlr/2.7.7/antlr-2.7.7.jar:/home/mehdi/.m2/repository/org/jboss/spec/javax/transaction/jboss-transaction-api_1.2_spec/1.1.1.Final/jboss-transaction-api_1.2_spec-1.1.1.Final.jar:/home/mehdi/.m2/repository/org/jboss/jandex/2.1.3.Final/jandex-2.1.3.Final.jar:/home/mehdi/.m2/repository/javax/activation/javax.activation-api/1.2.0/javax.activation-api-1.2.0.jar:/home/mehdi/.m2/repository/org/dom4j/dom4j/2.1.3/dom4j-2.1.3.jar:/home/mehdi/.m2/repository/org/hibernate/common/hibernate-commons-annotations/5.1.0.Final/hibernate-commons-annotations-5.1.0.Final.jar:/home/mehdi/.m2/repository/org/hibernate/validator/hibernate-validator/6.0.19.Final/hibernate-validator-6.0.19.Final.jar:/home/mehdi/.m2/repository/javax/validation/validation-api/2.0.1.Final/validation-api-2.0.1.Final.jar:/home/mehdi/.m2/repository/org/liquibase/liquibase-core/3.9.0/liquibase-core-3.9.0.jar:/home/mehdi/.m2/repository/net/logstash/logback/logstash-logback-encoder/6.3/logstash-logback-encoder-6.3.jar:/home/mehdi/.m2/repository/org/mapstruct/mapstruct/1.3.1.Final/mapstruct-1.3.1.Final.jar:/home/mehdi/.m2/repository/org/mapstruct/mapstruct-processor/1.3.1.Final/mapstruct-processor-1.3.1.Final.jar:/home/mehdi/.m2/repository/org/springframework/boot/spring-boot-configuration-processor/2.2.7.RELEASE/spring-boot-configuration-processor-2.2.7.RELEASE.jar:/home/mehdi/.m2/repository/org/springframework/boot/spring-boot-loader-tools/2.2.7.RELEASE/spring-boot-loader-tools-2.2.7.RELEASE.jar:/home/mehdi/.m2/repository/org/springframework/spring-core/5.2.6.RELEASE/spring-core-5.2.6.RELEASE.jar:/home/mehdi/.m2/repository/org/springframework/spring-jcl/5.2.6.RELEASE/spring-jcl-5.2.6.RELEASE.jar:/home/mehdi/.m2/repository/org/apache/commons/commons-compress/1.19/commons-compress-1.19.jar:/home/mehdi/.m2/repository/org/springframework/boot/spring-boot-starter-actuator/2.2.7.RELEASE/spring-boot-starter-actuator-2.2.7.RELEASE.jar:/home/mehdi/.m2/repository/org/springframework/boot/spring-boot-starter/2.2.7.RELEASE/spring-boot-starter-2.2.7.RELEASE.jar:/home/mehdi/.m2/repository/jakarta/annotation/jakarta.annotation-api/1.3.5/jakarta.annotation-api-1.3.5.jar:/home/mehdi/.m2/repository/org/yaml/snakeyaml/1.25/snakeyaml-1.25.jar:/home/mehdi/.m2/repository/org/springframework/boot/spring-boot-actuator-autoconfigure/2.2.7.RELEASE/spring-boot-actuator-autoconfigure-2.2.7.RELEASE.jar:/home/mehdi/.m2/repository/org/springframework/boot/spring-boot-actuator/2.2.7.RELEASE/spring-boot-actuator-2.2.7.RELEASE.jar:/home/mehdi/.m2/repository/io/micrometer/micrometer-core/1.4.2/micrometer-core-1.4.2.jar:/home/mehdi/.m2/repository/org/hdrhistogram/HdrHistogram/2.1.12/HdrHistogram-2.1.12.jar:/home/mehdi/.m2/repository/org/latencyutils/LatencyUtils/2.0.3/LatencyUtils-2.0.3.jar:/home/mehdi/.m2/repository/org/springframework/boot/spring-boot-starter-aop/2.2.7.RELEASE/spring-boot-starter-aop-2.2.7.RELEASE.jar:/home/mehdi/.m2/repository/org/springframework/spring-aop/5.2.6.RELEASE/spring-aop-5.2.6.RELEASE.jar:/home/mehdi/.m2/repository/org/aspectj/aspectjweaver/1.9.5/aspectjweaver-1.9.5.jar:/home/mehdi/.m2/repository/org/springframework/boot/spring-boot-starter-data-jpa/2.2.7.RELEASE/spring-boot-starter-data-jpa-2.2.7.RELEASE.jar:/home/mehdi/.m2/repository/org/springframework/boot/spring-boot-starter-jdbc/2.2.7.RELEASE/spring-boot-starter-jdbc-2.2.7.RELEASE.jar:/home/mehdi/.m2/repository/org/springframework/spring-jdbc/5.2.6.RELEASE/spring-jdbc-5.2.6.RELEASE.jar:/home/mehdi/.m2/repository/jakarta/persistence/jakarta.persistence-api/2.2.3/jakarta.persistence-api-2.2.3.jar:/home/mehdi/.m2/repository/jakarta/transaction/jakarta.transaction-api/1.3.3/jakarta.transaction-api-1.3.3.jar:/home/mehdi/.m2/repository/org/springframework/data/spring-data-jpa/2.2.7.RELEASE/spring-data-jpa-2.2.7.RELEASE.jar:/home/mehdi/.m2/repository/org/springframework/spring-orm/5.2.6.RELEASE/spring-orm-5.2.6.RELEASE.jar:/home/mehdi/.m2/repository/org/springframework/spring-tx/5.2.6.RELEASE/spring-tx-5.2.6.RELEASE.jar:/home/mehdi/.m2/repository/org/springframework/spring-aspects/5.2.6.RELEASE/spring-aspects-5.2.6.RELEASE.jar:/home/mehdi/.m2/repository/org/springframework/boot/spring-boot-starter-data-elasticsearch/2.2.7.RELEASE/spring-boot-starter-data-elasticsearch-2.2.7.RELEASE.jar:/home/mehdi/.m2/repository/org/springframework/data/spring-data-elasticsearch/3.2.7.RELEASE/spring-data-elasticsearch-3.2.7.RELEASE.jar:/home/mehdi/.m2/repository/joda-time/joda-time/2.10.6/joda-time-2.10.6.jar:/home/mehdi/.m2/repository/org/elasticsearch/client/transport/6.8.8/transport-6.8.8.jar:/home/mehdi/.m2/repository/org/elasticsearch/plugin/reindex-client/6.8.8/reindex-client-6.8.8.jar:/home/mehdi/.m2/repository/org/elasticsearch/elasticsearch-ssl-config/6.8.8/elasticsearch-ssl-config-6.8.8.jar:/home/mehdi/.m2/repository/org/elasticsearch/plugin/lang-mustache-client/6.8.8/lang-mustache-client-6.8.8.jar:/home/mehdi/.m2/repository/com/github/spullara/mustache/java/compiler/0.9.3/compiler-0.9.3.jar:/home/mehdi/.m2/repository/org/elasticsearch/plugin/percolator-client/6.8.8/percolator-client-6.8.8.jar:/home/mehdi/.m2/repository/org/elasticsearch/plugin/parent-join-client/6.8.8/parent-join-client-6.8.8.jar:/home/mehdi/.m2/repository/org/elasticsearch/plugin/rank-eval-client/6.8.8/rank-eval-client-6.8.8.jar:/home/mehdi/.m2/repository/org/elasticsearch/plugin/transport-netty4-client/6.8.8/transport-netty4-client-6.8.8.jar:/home/mehdi/.m2/repository/io/netty/netty-buffer/4.1.49.Final/netty-buffer-4.1.49.Final.jar:/home/mehdi/.m2/repository/io/netty/netty-codec/4.1.49.Final/netty-codec-4.1.49.Final.jar:/home/mehdi/.m2/repository/io/netty/netty-codec-http/4.1.49.Final/netty-codec-http-4.1.49.Final.jar:/home/mehdi/.m2/repository/io/netty/netty-common/4.1.49.Final/netty-common-4.1.49.Final.jar:/home/mehdi/.m2/repository/io/netty/netty-handler/4.1.49.Final/netty-handler-4.1.49.Final.jar:/home/mehdi/.m2/repository/io/netty/netty-resolver/4.1.49.Final/netty-resolver-4.1.49.Final.jar:/home/mehdi/.m2/repository/io/netty/netty-transport/4.1.49.Final/netty-transport-4.1.49.Final.jar:/home/mehdi/.m2/repository/org/elasticsearch/client/elasticsearch-rest-high-level-client/6.8.8/elasticsearch-rest-high-level-client-6.8.8.jar:/home/mehdi/.m2/repository/org/elasticsearch/client/elasticsearch-rest-client/6.8.8/elasticsearch-rest-client-6.8.8.jar:/home/mehdi/.m2/repository/org/elasticsearch/plugin/aggs-matrix-stats-client/6.8.8/aggs-matrix-stats-client-6.8.8.jar:/home/mehdi/.m2/repository/com/github/vanroy/spring-boot-starter-data-jest/3.3.1.RELEASE/spring-boot-starter-data-jest-3.3.1.RELEASE.jar:/home/mehdi/.m2/repository/com/github/vanroy/spring-data-jest/3.3.1.RELEASE/spring-data-jest-3.3.1.RELEASE.jar:/home/mehdi/.m2/repository/org/elasticsearch/elasticsearch/6.8.8/elasticsearch-6.8.8.jar:/home/mehdi/.m2/repository/org/elasticsearch/elasticsearch-core/6.8.8/elasticsearch-core-6.8.8.jar:/home/mehdi/.m2/repository/org/elasticsearch/elasticsearch-secure-sm/6.8.8/elasticsearch-secure-sm-6.8.8.jar:/home/mehdi/.m2/repository/org/elasticsearch/elasticsearch-x-content/6.8.8/elasticsearch-x-content-6.8.8.jar:/home/mehdi/.m2/repository/com/fasterxml/jackson/dataformat/jackson-dataformat-smile/2.10.4/jackson-dataformat-smile-2.10.4.jar:/home/mehdi/.m2/repository/com/fasterxml/jackson/dataformat/jackson-dataformat-yaml/2.10.4/jackson-dataformat-yaml-2.10.4.jar:/home/mehdi/.m2/repository/com/fasterxml/jackson/dataformat/jackson-dataformat-cbor/2.10.4/jackson-dataformat-cbor-2.10.4.jar:/home/mehdi/.m2/repository/org/apache/lucene/lucene-core/7.7.2/lucene-core-7.7.2.jar:/home/mehdi/.m2/repository/org/apache/lucene/lucene-analyzers-common/7.7.2/lucene-analyzers-common-7.7.2.jar:/home/mehdi/.m2/repository/org/apache/lucene/lucene-backward-codecs/7.7.2/lucene-backward-codecs-7.7.2.jar:/home/mehdi/.m2/repository/org/apache/lucene/lucene-grouping/7.7.2/lucene-grouping-7.7.2.jar:/home/mehdi/.m2/repository/org/apache/lucene/lucene-highlighter/7.7.2/lucene-highlighter-7.7.2.jar:/home/mehdi/.m2/repository/org/apache/lucene/lucene-join/7.7.2/lucene-join-7.7.2.jar:/home/mehdi/.m2/repository/org/apache/lucene/lucene-memory/7.7.2/lucene-memory-7.7.2.jar:/home/mehdi/.m2/repository/org/apache/lucene/lucene-misc/7.7.2/lucene-misc-7.7.2.jar:/home/mehdi/.m2/repository/org/apache/lucene/lucene-queries/7.7.2/lucene-queries-7.7.2.jar:/home/mehdi/.m2/repository/org/apache/lucene/lucene-queryparser/7.7.2/lucene-queryparser-7.7.2.jar:/home/mehdi/.m2/repository/org/apache/lucene/lucene-sandbox/7.7.2/lucene-sandbox-7.7.2.jar:/home/mehdi/.m2/repository/org/apache/lucene/lucene-spatial/7.7.2/lucene-spatial-7.7.2.jar:/home/mehdi/.m2/repository/org/apache/lucene/lucene-spatial-extras/7.7.2/lucene-spatial-extras-7.7.2.jar:/home/mehdi/.m2/repository/org/apache/lucene/lucene-spatial3d/7.7.2/lucene-spatial3d-7.7.2.jar:/home/mehdi/.m2/repository/org/apache/lucene/lucene-suggest/7.7.2/lucene-suggest-7.7.2.jar:/home/mehdi/.m2/repository/org/elasticsearch/elasticsearch-cli/6.8.8/elasticsearch-cli-6.8.8.jar:/home/mehdi/.m2/repository/net/sf/jopt-simple/jopt-simple/5.0.2/jopt-simple-5.0.2.jar:/home/mehdi/.m2/repository/com/tdunning/t-digest/3.2/t-digest-3.2.jar:/home/mehdi/.m2/repository/org/elasticsearch/jna/4.5.1/jna-4.5.1.jar:/home/mehdi/.m2/repository/io/searchbox/jest/6.3.1/jest-6.3.1.jar:/home/mehdi/.m2/repository/io/searchbox/jest-common/6.3.1/jest-common-6.3.1.jar:/home/mehdi/.m2/repository/org/apache/httpcomponents/httpcore-nio/4.4.13/httpcore-nio-4.4.13.jar:/home/mehdi/.m2/repository/org/apache/httpcomponents/httpasyncclient/4.1.4/httpasyncclient-4.1.4.jar:/home/mehdi/.m2/repository/com/google/code/gson/gson/2.8.6/gson-2.8.6.jar:/home/mehdi/.m2/repository/net/java/dev/jna/jna/4.5.2/jna-4.5.2.jar:/home/mehdi/.m2/repository/org/apache/logging/log4j/log4j-api/2.12.1/log4j-api-2.12.1.jar:/home/mehdi/.m2/repository/de/dentrassi/elasticsearch/log4j2-mock/0.0.2/log4j2-mock-0.0.2.jar:/home/mehdi/.m2/repository/org/springframework/boot/spring-boot-starter-logging/2.2.7.RELEASE/spring-boot-starter-logging-2.2.7.RELEASE.jar:/home/mehdi/.m2/repository/ch/qos/logback/logback-classic/1.2.3/logback-classic-1.2.3.jar:/home/mehdi/.m2/repository/ch/qos/logback/logback-core/1.2.3/logback-core-1.2.3.jar:/home/mehdi/.m2/repository/org/apache/logging/log4j/log4j-to-slf4j/2.12.1/log4j-to-slf4j-2.12.1.jar:/home/mehdi/.m2/repository/org/slf4j/jul-to-slf4j/1.7.30/jul-to-slf4j-1.7.30.jar:/home/mehdi/.m2/repository/org/springframework/boot/spring-boot-starter-mail/2.2.7.RELEASE/spring-boot-starter-mail-2.2.7.RELEASE.jar:/home/mehdi/.m2/repository/com/sun/mail/jakarta.mail/1.6.5/jakarta.mail-1.6.5.jar:/home/mehdi/.m2/repository/org/springframework/boot/spring-boot-starter-security/2.2.7.RELEASE/spring-boot-starter-security-2.2.7.RELEASE.jar:/home/mehdi/.m2/repository/org/springframework/security/spring-security-config/5.2.4.RELEASE/spring-security-config-5.2.4.RELEASE.jar:/home/mehdi/.m2/repository/org/springframework/security/spring-security-web/5.2.4.RELEASE/spring-security-web-5.2.4.RELEASE.jar:/home/mehdi/.m2/repository/org/springframework/spring-expression/5.2.6.RELEASE/spring-expression-5.2.6.RELEASE.jar:/home/mehdi/.m2/repository/org/springframework/boot/spring-boot-starter-thymeleaf/2.2.7.RELEASE/spring-boot-starter-thymeleaf-2.2.7.RELEASE.jar:/home/mehdi/.m2/repository/org/thymeleaf/thymeleaf-spring5/3.0.11.RELEASE/thymeleaf-spring5-3.0.11.RELEASE.jar:/home/mehdi/.m2/repository/org/thymeleaf/thymeleaf/3.0.11.RELEASE/thymeleaf-3.0.11.RELEASE.jar:/home/mehdi/.m2/repository/org/attoparser/attoparser/2.0.5.RELEASE/attoparser-2.0.5.RELEASE.jar:/home/mehdi/.m2/repository/org/unbescape/unbescape/1.1.6.RELEASE/unbescape-1.1.6.RELEASE.jar:/home/mehdi/.m2/repository/org/thymeleaf/extras/thymeleaf-extras-java8time/3.0.4.RELEASE/thymeleaf-extras-java8time-3.0.4.RELEASE.jar:/home/mehdi/.m2/repository/org/springframework/boot/spring-boot-starter-web/2.2.7.RELEASE/spring-boot-starter-web-2.2.7.RELEASE.jar:/home/mehdi/.m2/repository/org/springframework/boot/spring-boot-starter-json/2.2.7.RELEASE/spring-boot-starter-json-2.2.7.RELEASE.jar:/home/mehdi/.m2/repository/com/fasterxml/jackson/datatype/jackson-datatype-jdk8/2.10.4/jackson-datatype-jdk8-2.10.4.jar:/home/mehdi/.m2/repository/com/fasterxml/jackson/module/jackson-module-parameter-names/2.10.4/jackson-module-parameter-names-2.10.4.jar:/home/mehdi/.m2/repository/org/springframework/boot/spring-boot-starter-validation/2.2.7.RELEASE/spring-boot-starter-validation-2.2.7.RELEASE.jar:/home/mehdi/.m2/repository/jakarta/validation/jakarta.validation-api/2.0.2/jakarta.validation-api-2.0.2.jar:/home/mehdi/.m2/repository/org/springframework/spring-web/5.2.6.RELEASE/spring-web-5.2.6.RELEASE.jar:/home/mehdi/.m2/repository/org/springframework/spring-webmvc/5.2.6.RELEASE/spring-webmvc-5.2.6.RELEASE.jar:/home/mehdi/.m2/repository/org/springframework/boot/spring-boot-starter-test/2.2.7.RELEASE/spring-boot-starter-test-2.2.7.RELEASE.jar:/home/mehdi/.m2/repository/org/springframework/boot/spring-boot-test-autoconfigure/2.2.7.RELEASE/spring-boot-test-autoconfigure-2.2.7.RELEASE.jar:/home/mehdi/.m2/repository/com/jayway/jsonpath/json-path/2.4.0/json-path-2.4.0.jar:/home/mehdi/.m2/repository/net/minidev/json-smart/2.3/json-smart-2.3.jar:/home/mehdi/.m2/repository/net/minidev/accessors-smart/1.2/accessors-smart-1.2.jar:/home/mehdi/.m2/repository/org/junit/jupiter/junit-jupiter/5.5.2/junit-jupiter-5.5.2.jar:/home/mehdi/.m2/repository/org/junit/jupiter/junit-jupiter-api/5.5.2/junit-jupiter-api-5.5.2.jar:/home/mehdi/.m2/repository/org/opentest4j/opentest4j/1.2.0/opentest4j-1.2.0.jar:/home/mehdi/.m2/repository/org/junit/platform/junit-platform-commons/1.5.2/junit-platform-commons-1.5.2.jar:/home/mehdi/.m2/repository/org/junit/jupiter/junit-jupiter-params/5.5.2/junit-jupiter-params-5.5.2.jar:/home/mehdi/.m2/repository/org/junit/jupiter/junit-jupiter-engine/5.5.2/junit-jupiter-engine-5.5.2.jar:/home/mehdi/.m2/repository/org/junit/vintage/junit-vintage-engine/5.5.2/junit-vintage-engine-5.5.2.jar:/home/mehdi/.m2/repository/org/junit/platform/junit-platform-engine/1.5.2/junit-platform-engine-1.5.2.jar:/home/mehdi/.m2/repository/org/mockito/mockito-junit-jupiter/3.1.0/mockito-junit-jupiter-3.1.0.jar:/home/mehdi/.m2/repository/org/assertj/assertj-core/3.13.2/assertj-core-3.13.2.jar:/home/mehdi/.m2/repository/org/hamcrest/hamcrest/2.1/hamcrest-2.1.jar:/home/mehdi/.m2/repository/org/mockito/mockito-core/3.1.0/mockito-core-3.1.0.jar:/home/mehdi/.m2/repository/net/bytebuddy/byte-buddy-agent/1.10.10/byte-buddy-agent-1.10.10.jar:/home/mehdi/.m2/repository/org/objenesis/objenesis/2.6/objenesis-2.6.jar:/home/mehdi/.m2/repository/org/skyscreamer/jsonassert/1.5.0/jsonassert-1.5.0.jar:/home/mehdi/.m2/repository/org/springframework/spring-test/5.2.6.RELEASE/spring-test-5.2.6.RELEASE.jar:/home/mehdi/.m2/repository/org/xmlunit/xmlunit-core/2.6.4/xmlunit-core-2.6.4.jar:/home/mehdi/.m2/repository/org/springframework/boot/spring-boot-test/2.2.7.RELEASE/spring-boot-test-2.2.7.RELEASE.jar:/home/mehdi/.m2/repository/org/springframework/boot/spring-boot/2.2.7.RELEASE/spring-boot-2.2.7.RELEASE.jar:/home/mehdi/.m2/repository/org/springframework/security/spring-security-test/5.2.4.RELEASE/spring-security-test-5.2.4.RELEASE.jar:/home/mehdi/.m2/repository/org/springframework/security/spring-security-core/5.2.4.RELEASE/spring-security-core-5.2.4.RELEASE.jar:/home/mehdi/.m2/repository/com/tngtech/archunit/archunit-junit5-api/0.14.1/archunit-junit5-api-0.14.1.jar:/home/mehdi/.m2/repository/com/tngtech/archunit/archunit/0.14.1/archunit-0.14.1.jar:/home/mehdi/.m2/repository/com/tngtech/archunit/archunit-junit5-engine/0.14.1/archunit-junit5-engine-0.14.1.jar:/home/mehdi/.m2/repository/com/tngtech/archunit/archunit-junit5-engine-api/0.14.1/archunit-junit5-engine-api-0.14.1.jar:/home/mehdi/.m2/repository/org/zalando/problem-spring-web/0.25.2/problem-spring-web-0.25.2.jar:/home/mehdi/.m2/repository/org/zalando/problem-violations/0.25.2/problem-violations-0.25.2.jar:/home/mehdi/.m2/repository/org/zalando/problem-spring-common/0.25.2/problem-spring-common-0.25.2.jar:/home/mehdi/.m2/repository/org/apiguardian/apiguardian-api/1.1.0/apiguardian-api-1.1.0.jar:/home/mehdi/.m2/repository/com/google/code/findbugs/jsr305/3.0.2/jsr305-3.0.2.jar:/home/mehdi/.m2/repository/org/zalando/problem/0.23.0/problem-0.23.0.jar:/home/mehdi/.m2/repository/org/zalando/jackson-datatype-problem/0.23.0/jackson-datatype-problem-0.23.0.jar:/home/mehdi/.m2/repository/org/zalando/faux-pas/0.8.0/faux-pas-0.8.0.jar:/home/mehdi/.m2/repository/io/jsonwebtoken/jjwt-api/0.11.1/jjwt-api-0.11.1.jar:/home/mehdi/.m2/repository/io/jsonwebtoken/jjwt-impl/0.11.1/jjwt-impl-0.11.1.jar:/home/mehdi/.m2/repository/io/jsonwebtoken/jjwt-jackson/0.11.1/jjwt-jackson-0.11.1.jar:/home/mehdi/.m2/repository/org/springframework/cloud/spring-cloud-starter/2.2.2.RELEASE/spring-cloud-starter-2.2.2.RELEASE.jar:/home/mehdi/.m2/repository/org/springframework/cloud/spring-cloud-context/2.2.2.RELEASE/spring-cloud-context-2.2.2.RELEASE.jar:/home/mehdi/.m2/repository/org/springframework/security/spring-security-crypto/5.2.4.RELEASE/spring-security-crypto-5.2.4.RELEASE.jar:/home/mehdi/.m2/repository/org/springframework/cloud/spring-cloud-commons/2.2.2.RELEASE/spring-cloud-commons-2.2.2.RELEASE.jar:/home/mehdi/.m2/repository/org/springframework/security/spring-security-rsa/1.0.9.RELEASE/spring-security-rsa-1.0.9.RELEASE.jar:/home/mehdi/.m2/repository/org/bouncycastle/bcpkix-jdk15on/1.64/bcpkix-jdk15on-1.64.jar:/home/mehdi/.m2/repository/org/bouncycastle/bcprov-jdk15on/1.64/bcprov-jdk15on-1.64.jar:/home/mehdi/.m2/repository/org/springframework/cloud/spring-cloud-starter-netflix-ribbon/2.2.2.RELEASE/spring-cloud-starter-netflix-ribbon-2.2.2.RELEASE.jar:/home/mehdi/.m2/repository/org/springframework/cloud/spring-cloud-netflix-ribbon/2.2.2.RELEASE/spring-cloud-netflix-ribbon-2.2.2.RELEASE.jar:/home/mehdi/.m2/repository/org/springframework/cloud/spring-cloud-netflix-archaius/2.2.2.RELEASE/spring-cloud-netflix-archaius-2.2.2.RELEASE.jar:/home/mehdi/.m2/repository/org/springframework/cloud/spring-cloud-starter-netflix-archaius/2.2.2.RELEASE/spring-cloud-starter-netflix-archaius-2.2.2.RELEASE.jar:/home/mehdi/.m2/repository/com/netflix/archaius/archaius-core/0.7.6/archaius-core-0.7.6.jar:/home/mehdi/.m2/repository/commons-configuration/commons-configuration/1.8/commons-configuration-1.8.jar:/home/mehdi/.m2/repository/com/netflix/ribbon/ribbon/2.3.0/ribbon-2.3.0.jar:/home/mehdi/.m2/repository/com/netflix/ribbon/ribbon-transport/2.3.0/ribbon-transport-2.3.0.jar:/home/mehdi/.m2/repository/io/reactivex/rxnetty-contexts/0.4.9/rxnetty-contexts-0.4.9.jar:/home/mehdi/.m2/repository/io/reactivex/rxnetty-servo/0.4.9/rxnetty-servo-0.4.9.jar:/home/mehdi/.m2/repository/javax/inject/javax.inject/1/javax.inject-1.jar:/home/mehdi/.m2/repository/io/reactivex/rxnetty/0.4.9/rxnetty-0.4.9.jar:/home/mehdi/.m2/repository/com/netflix/ribbon/ribbon-core/2.3.0/ribbon-core-2.3.0.jar:/home/mehdi/.m2/repository/commons-lang/commons-lang/2.6/commons-lang-2.6.jar:/home/mehdi/.m2/repository/com/netflix/ribbon/ribbon-httpclient/2.3.0/ribbon-httpclient-2.3.0.jar:/home/mehdi/.m2/repository/commons-collections/commons-collections/3.2.2/commons-collections-3.2.2.jar:/home/mehdi/.m2/repository/org/apache/httpcomponents/httpclient/4.5.12/httpclient-4.5.12.jar:/home/mehdi/.m2/repository/org/apache/httpcomponents/httpcore/4.4.13/httpcore-4.4.13.jar:/home/mehdi/.m2/repository/commons-codec/commons-codec/1.13/commons-codec-1.13.jar:/home/mehdi/.m2/repository/com/sun/jersey/jersey-client/1.19.1/jersey-client-1.19.1.jar:/home/mehdi/.m2/repository/com/sun/jersey/jersey-core/1.19.1/jersey-core-1.19.1.jar:/home/mehdi/.m2/repository/javax/ws/rs/jsr311-api/1.1.1/jsr311-api-1.1.1.jar:/home/mehdi/.m2/repository/com/sun/jersey/contribs/jersey-apache-client4/1.19.1/jersey-apache-client4-1.19.1.jar:/home/mehdi/.m2/repository/com/netflix/servo/servo-core/0.12.21/servo-core-0.12.21.jar:/home/mehdi/.m2/repository/com/netflix/netflix-commons/netflix-commons-util/0.3.0/netflix-commons-util-0.3.0.jar:/home/mehdi/.m2/repository/com/netflix/ribbon/ribbon-loadbalancer/2.3.0/ribbon-loadbalancer-2.3.0.jar:/home/mehdi/.m2/repository/com/netflix/netflix-commons/netflix-statistics/0.1.1/netflix-statistics-0.1.1.jar:/home/mehdi/.m2/repository/io/reactivex/rxjava/1.3.8/rxjava-1.3.8.jar:/home/mehdi/.m2/repository/org/springframework/cloud/spring-cloud-starter-netflix-hystrix/2.2.2.RELEASE/spring-cloud-starter-netflix-hystrix-2.2.2.RELEASE.jar:/home/mehdi/.m2/repository/org/springframework/cloud/spring-cloud-netflix-hystrix/2.2.2.RELEASE/spring-cloud-netflix-hystrix-2.2.2.RELEASE.jar:/home/mehdi/.m2/repository/com/netflix/hystrix/hystrix-core/1.5.18/hystrix-core-1.5.18.jar:/home/mehdi/.m2/repository/com/netflix/hystrix/hystrix-serialization/1.5.18/hystrix-serialization-1.5.18.jar:/home/mehdi/.m2/repository/com/fasterxml/jackson/module/jackson-module-afterburner/2.10.4/jackson-module-afterburner-2.10.4.jar:/home/mehdi/.m2/repository/com/netflix/hystrix/hystrix-metrics-event-stream/1.5.18/hystrix-metrics-event-stream-1.5.18.jar:/home/mehdi/.m2/repository/com/netflix/hystrix/hystrix-javanica/1.5.18/hystrix-javanica-1.5.18.jar:/home/mehdi/.m2/repository/org/apache/commons/commons-lang3/3.9/commons-lang3-3.9.jar:/home/mehdi/.m2/repository/org/ow2/asm/asm/5.0.4/asm-5.0.4.jar:/home/mehdi/.m2/repository/io/reactivex/rxjava-reactive-streams/1.2.1/rxjava-reactive-streams-1.2.1.jar:/home/mehdi/.m2/repository/org/reactivestreams/reactive-streams/1.0.3/reactive-streams-1.0.3.jar:/home/mehdi/.m2/repository/org/springframework/retry/spring-retry/1.2.5.RELEASE/spring-retry-1.2.5.RELEASE.jar:/home/mehdi/.m2/repository/org/springframework/cloud/spring-cloud-starter-openfeign/2.2.2.RELEASE/spring-cloud-starter-openfeign-2.2.2.RELEASE.jar:/home/mehdi/.m2/repository/org/springframework/cloud/spring-cloud-openfeign-core/2.2.2.RELEASE/spring-cloud-openfeign-core-2.2.2.RELEASE.jar:/home/mehdi/.m2/repository/io/github/openfeign/form/feign-form-spring/3.8.0/feign-form-spring-3.8.0.jar:/home/mehdi/.m2/repository/io/github/openfeign/form/feign-form/3.8.0/feign-form-3.8.0.jar:/home/mehdi/.m2/repository/commons-fileupload/commons-fileupload/1.4/commons-fileupload-1.4.jar:/home/mehdi/.m2/repository/commons-io/commons-io/2.6/commons-io-2.6.jar:/home/mehdi/.m2/repository/io/github/openfeign/feign-core/10.7.4/feign-core-10.7.4.jar:/home/mehdi/.m2/repository/io/github/openfeign/feign-slf4j/10.7.4/feign-slf4j-10.7.4.jar:/home/mehdi/.m2/repository/io/github/openfeign/feign-hystrix/10.7.4/feign-hystrix-10.7.4.jar:/home/mehdi/.m2/repository/org/springframework/boot/spring-boot-starter-cloud-connectors/2.2.7.RELEASE/spring-boot-starter-cloud-connectors-2.2.7.RELEASE.jar:/home/mehdi/.m2/repository/org/springframework/cloud/spring-cloud-spring-service-connector/2.0.7.RELEASE/spring-cloud-spring-service-connector-2.0.7.RELEASE.jar:/home/mehdi/.m2/repository/org/springframework/cloud/spring-cloud-connectors-core/2.0.7.RELEASE/spring-cloud-connectors-core-2.0.7.RELEASE.jar:/home/mehdi/.m2/repository/org/springframework/cloud/spring-cloud-cloudfoundry-connector/2.0.7.RELEASE/spring-cloud-cloudfoundry-connector-2.0.7.RELEASE.jar:/home/mehdi/.m2/repository/org/springframework/cloud/spring-cloud-heroku-connector/2.0.7.RELEASE/spring-cloud-heroku-connector-2.0.7.RELEASE.jar:/home/mehdi/.m2/repository/org/springframework/cloud/spring-cloud-localconfig-connector/2.0.7.RELEASE/spring-cloud-localconfig-connector-2.0.7.RELEASE.jar:/home/mehdi/.m2/repository/org/springframework/security/spring-security-data/5.2.4.RELEASE/spring-security-data-5.2.4.RELEASE.jar:/home/mehdi/.m2/repository/org/springframework/data/spring-data-commons/2.2.7.RELEASE/spring-data-commons-2.2.7.RELEASE.jar:/home/mehdi/.m2/repository/io/micrometer/micrometer-registry-prometheus/1.4.2/micrometer-registry-prometheus-1.4.2.jar:/home/mehdi/.m2/repository/io/prometheus/simpleclient_common/0.8.1/simpleclient_common-0.8.1.jar:/home/mehdi/.m2/repository/io/prometheus/simpleclient/0.9.0/simpleclient-0.9.0.jar:/home/mehdi/.m2/repository/io/dropwizard/metrics/metrics-core/4.1.9/metrics-core-4.1.9.jar:/home/mehdi/.m2/repository/io/cucumber/cucumber-junit/4.8.1/cucumber-junit-4.8.1.jar:/home/mehdi/.m2/repository/io/cucumber/cucumber-core/4.8.1/cucumber-core-4.8.1.jar:/home/mehdi/.m2/repository/io/cucumber/gherkin/5.1.0/gherkin-5.1.0.jar:/home/mehdi/.m2/repository/io/cucumber/tag-expressions/1.1.1/tag-expressions-1.1.1.jar:/home/mehdi/.m2/repository/io/cucumber/cucumber-expressions/7.0.2/cucumber-expressions-7.0.2.jar:/home/mehdi/.m2/repository/io/cucumber/datatable/1.1.14/datatable-1.1.14.jar:/home/mehdi/.m2/repository/io/cucumber/datatable-dependencies/1.1.14/datatable-dependencies-1.1.14.jar:/home/mehdi/.m2/repository/junit/junit/4.12/junit-4.12.jar:/home/mehdi/.m2/repository/org/hamcrest/hamcrest-core/2.1/hamcrest-core-2.1.jar:/home/mehdi/.m2/repository/io/cucumber/cucumber-spring/4.8.1/cucumber-spring-4.8.1.jar:/home/mehdi/.m2/repository/io/cucumber/cucumber-java/4.8.1/cucumber-java-4.8.1.jar:/home/mehdi/.m2/repository/org/springframework/boot/spring-boot-starter-undertow/2.2.7.RELEASE/spring-boot-starter-undertow-2.2.7.RELEASE.jar:/home/mehdi/.m2/repository/io/undertow/undertow-core/2.0.30.Final/undertow-core-2.0.30.Final.jar:/home/mehdi/.m2/repository/org/jboss/xnio/xnio-api/3.3.8.Final/xnio-api-3.3.8.Final.jar:/home/mehdi/.m2/repository/org/jboss/xnio/xnio-nio/3.3.8.Final/xnio-nio-3.3.8.Final.jar:/home/mehdi/.m2/repository/io/undertow/undertow-servlet/2.0.30.Final/undertow-servlet-2.0.30.Final.jar:/home/mehdi/.m2/repository/org/jboss/spec/javax/annotation/jboss-annotations-api_1.2_spec/1.0.2.Final/jboss-annotations-api_1.2_spec-1.0.2.Final.jar:/home/mehdi/.m2/repository/io/undertow/undertow-websockets-jsr/2.0.30.Final/undertow-websockets-jsr-2.0.30.Final.jar:/home/mehdi/.m2/repository/org/jboss/spec/javax/websocket/jboss-websocket-api_1.1_spec/1.1.4.Final/jboss-websocket-api_1.1_spec-1.1.4.Final.jar:/home/mehdi/.m2/repository/jakarta/servlet/jakarta.servlet-api/4.0.3/jakarta.servlet-api-4.0.3.jar:/home/mehdi/.m2/repository/org/glassfish/jakarta.el/3.0.3/jakarta.el-3.0.3.jar:/home/mehdi/.m2/repository/org/springframework/boot/spring-boot-devtools/2.2.7.RELEASE/spring-boot-devtools-2.2.7.RELEASE.jar:"/>
    <property name="sun.cpu.endian" value="little"/>
    <property name="user.home" value="/home/mehdi"/>
    <property name="user.language" value="en"/>
    <property name="java.specification.vendor" value="Oracle Corporation"/>
    <property name="java.version.date" value="2020-04-14"/>
    <property name="java.home" value="/usr/lib/jvm/java-11-openjdk-amd64"/>
    <property name="file.separator" value="/"/>
    <property name="basedir" value="/home/mehdi/Give4Free"/>
    <property name="java.vm.compressedOopsMode" value="32-bit"/>
    <property name="line.separator" value="&#10;"/>
    <property name="java.specification.name" value="Java Platform API Specification"/>
    <property name="java.vm.specification.vendor" value="Oracle Corporation"/>
    <property name="java.awt.graphicsenv" value="sun.awt.X11GraphicsEnvironment"/>
    <property name="surefire.real.class.path" value="/home/mehdi/Give4Free/target/surefire/surefirebooter7678069589456173248.jar"/>
    <property name="sun.management.compiler" value="HotSpot 64-Bit Tiered Compilers"/>
    <property name="java.runtime.version" value="11.0.7+10-post-Ubuntu-3ubuntu1"/>
    <property name="user.name" value="mehdi"/>
    <property name="path.separator" value=":"/>
    <property name="java.security.egd" value="file:/dev/./urandom"/>
    <property name="os.version" value="4.4.0-18362-Microsoft"/>
    <property name="java.runtime.name" value="OpenJDK Runtime Environment"/>
    <property name="file.encoding" value="UTF-8"/>
    <property name="java.vm.name" value="OpenJDK 64-Bit Server VM"/>
    <property name="localRepository" value="/home/mehdi/.m2/repository"/>
    <property name="java.vendor.url.bug" value="https://bugs.launchpad.net/ubuntu/+source/openjdk-lts"/>
    <property name="java.io.tmpdir" value="/tmp"/>
    <property name="java.version" value="11.0.7"/>
    <property name="user.dir" value="/home/mehdi/Give4Free"/>
    <property name="os.arch" value="amd64"/>
    <property name="java.vm.specification.name" value="Java Virtual Machine Specification"/>
    <property name="java.awt.printerjob" value="sun.print.PSPrinterJob"/>
    <property name="sun.os.patch.level" value="unknown"/>
    <property name="java.library.path" value="/usr/java/packages/lib:/usr/lib/x86_64-linux-gnu/jni:/lib/x86_64-linux-gnu:/usr/lib/x86_64-linux-gnu:/usr/lib/jni:/lib:/usr/lib"/>
    <property name="java.vendor" value="Ubuntu"/>
    <property name="java.vm.info" value="mixed mode"/>
    <property name="java.vm.version" value="11.0.7+10-post-Ubuntu-3ubuntu1"/>
    <property name="sun.io.unicode.encoding" value="UnicodeLittle"/>
    <property name="java.class.version" value="55.0"/>
  </properties>
  <testcase name="testReturnFalseWhenJWTisInvalid" classname="com.epitech.give4free.security.jwt.TokenProviderTest" time="0.003"/>
  <testcase name="testReturnFalseWhenJWTisExpired" classname="com.epitech.give4free.security.jwt.TokenProviderTest" time="0.006"/>
  <testcase name="testReturnFalseWhenJWThasInvalidSignature" classname="com.epitech.give4free.security.jwt.TokenProviderTest" time="0.005"/>
  <testcase name="testReturnFalseWhenJWTisMalformed" classname="com.epitech.give4free.security.jwt.TokenProviderTest" time="0.006"/>
  <testcase name="testReturnFalseWhenJWTisUnsupported" classname="com.epitech.give4free.security.jwt.TokenProviderTest" time="0.005"/>
</testsuite>